stdout is not a tty
[RESULT] Node patch exit code: 1
[CHECK] node --check public/js/academy.js
stdout is not a tty
[RESULT] academy.js syntax exit code: 1
[CHECK] node --check public/js/dashboard.js
stdout is not a tty
[RESULT] dashboard.js syntax exit code: 1
[CHECK] Old heavy search/modal blocks:
[OK] Old heavy search/modal blocks not found.
[CHECK] New v5 search guard:
public/js/academy.js:29344:/* PATCH: Academy search autofill blocker + interaction safety v5 */
public/js/academy.js:29725:/* END PATCH: Academy search autofill blocker + interaction safety v5 */
public/js/dashboard.js:21633:/* PATCH: Academy search autofill blocker + interaction safety v5 */
public/js/dashboard.js:22014:/* END PATCH: Academy search autofill blocker + interaction safety v5 */
[CHECK] Safe search input names:
514:                                name="yh_academy_query_field"
2631:                    name="yh_academy_member_query_field"
 M public/academy.html
 M public/css/style.css
 M public/js/academy.js
 M public/js/dashboard.js
?? __yh_academy_search_freeze_fix_v4.js
?? __yh_academy_search_freeze_fix_v5.js
?? __yh_academy_search_freeze_fix_v5.log
?? __yh_fix_academy_freeze_echo.js
?? public/academy.html.bak-20260514-freeze-echo-fix
?? public/academy.html.bak-20260514-search-freeze-v4
?? public/academy.html.bak-20260514-search-freeze-v5
?? public/css/style.css.bak-20260514-search-freeze-v4
?? public/css/style.css.bak-20260514-search-freeze-v5
?? public/js/academy.js.bak-20260514-freeze-echo-fix
?? public/js/academy.js.bak-20260514-search-freeze-v4
?? public/js/academy.js.bak-20260514-search-freeze-v5
?? public/js/dashboard.js.bak-20260514-freeze-echo-fix
?? public/js/dashboard.js.bak-20260514-search-freeze-v4
?? public/js/dashboard.js.bak-20260514-search-freeze-v5
diff --git a/public/academy.html b/public/academy.html
index 3b511ab..a164dd4 100644
--- a/public/academy.html
+++ b/public/academy.html
@@ -7,7 +7,7 @@
     <link rel="icon" type="image/avif" href="/images/logo.avif?v=20260424-favicon-1">
     <link rel="shortcut icon" type="image/avif" href="/images/logo.avif?v=20260424-favicon-1">
     <link href="https://fonts.googleapis.com/css2?family=Poppins:wght@300;400;500;600;700&display=swap" rel="stylesheet">
-<link rel="stylesheet" href="/css/style.css?v=20260514-startup-search-safe-v3">
+<link rel="stylesheet" href="/css/style.css?v=20260514-search-freeze-v5">
 <link rel="stylesheet" href="/css/academy-thread-bottom-fix.css?v=20260417-2">
 </head>
 <body data-yh-view="academy" data-yh-page="academy">
@@ -511,7 +511,7 @@
                                 autocapitalize="none"
                                 spellcheck="false"
                                 inputmode="search"
-                                name="academy_community_search"
+                                name="yh_academy_query_field"
                                 data-lpignore="true"
                                 data-1p-ignore="true"
                                 data-bwignore="true"
@@ -2628,7 +2628,7 @@
                     autocapitalize="none"
                     spellcheck="false"
                     inputmode="search"
-                    name="academy_member_search"
+                    name="yh_academy_member_query_field"
                     data-lpignore="true"
                     data-1p-ignore="true"
                     data-bwignore="true"
@@ -2662,7 +2662,7 @@
 
 <script src="/js/yh-shared-core.js?v=20260418-toast-center-1"></script>
 <script src="/js/yh-shared-runtime.js?v=20260411-4"></script>
-<script src="/js/academy.js?v=20260514-startup-search-safe-v3"></script>
+<script src="/js/academy.js?v=20260514-search-freeze-v5"></script>
 <div
     class="academy-profile-editor-overlay hidden-step"
     id="academy-profile-editor-overlay"
diff --git a/public/css/style.css b/public/css/style.css
index 9a2de01..a7d8d40 100644
--- a/public/css/style.css
+++ b/public/css/style.css
@@ -24570,3 +24570,30 @@ body[data-yh-page="academy"] .academy-messages-inbox-menu .academy-pinned-conver
     }
 }
 /* END PATCH: Academy top action modal rendering + search autofill guard v1 */
+
+
+
+
+
+
+
+
+
+/* PATCH: Academy hidden overlay click-through safety v5 */
+.yh-academy-startup-loader.hidden-step,
+.yh-academy-startup-loader.is-exiting,
+.yh-tab-loader.hidden-step,
+.academy-top-action-modal-overlay.hidden-step,
+#academy-search-results-panel.hidden-step,
+#academy-search-results-panel[aria-hidden="true"] {
+    pointer-events: none !important;
+}
+
+body[data-yh-view="academy"]:not(.academy-search-results-open) #academy-search-results-panel {
+    pointer-events: none !important;
+}
+
+body[data-yh-view="academy"].academy-search-results-open #academy-search-results-panel:not(.hidden-step):not([aria-hidden="true"]) {
+    pointer-events: auto !important;
+}
+/* END PATCH: Academy hidden overlay click-through safety v5 */
diff --git a/public/js/academy.js b/public/js/academy.js
index e795fa9..7719db6 100644
--- a/public/js/academy.js
+++ b/public/js/academy.js
@@ -17381,14 +17381,16 @@ function academyRenderMemberBrowserList(members = [], query = '') {
 let academySearchDebounceTimer = null;
 let academySearchRequestToken = 0;
 
-async function requestAcademyMemberSearch(query = '') {
+async async function requestAcademyMemberSearch(query = '') {
     const normalizedQuery = String(query || '').trim();
+    const isEmailSearchQuery = /^[^\s@]+@[^\s@]+\.[^\s@]+$/.test(normalizedQuery);
+
+    if (!normalizedQuery || isEmailSearchQuery) return [];
+
     const cacheKey = normalizedQuery.toLowerCase();
     const now = Date.now();
     const CACHE_TTL_MS = 15 * 1000;
 
-    if (!normalizedQuery) return [];
-
     const cached = academyMemberSearchCache.get(cacheKey);
     if (cached && (now - cached.at) < CACHE_TTL_MS && Array.isArray(cached.members)) {
         return cached.members;
@@ -17417,9 +17419,30 @@ async function requestAcademyMemberSearch(query = '') {
     return members;
 }
 
-function academySyncSearchInputs(value = '', sourceInputId = '') {
-    const normalizedValue = String(value || '');
-    ['academy-global-search-input', 'academy-member-browser-search-input'].forEach((id) => {
+function academySyncSearchInputs(value = "", sourceInputId = "") {
+    const normalizedValue = String(value || "");
+    const normalizedTrimmedValue = normalizedValue.trim();
+    const isEmailSearchValue = /^[^\s@]+@[^\s@]+\.[^\s@]+$/.test(normalizedTrimmedValue);
+
+    if (!normalizedTrimmedValue || isEmailSearchValue) {
+        ["academy-global-search-input", "academy-member-browser-search-input"].forEach(function (id) {
+            const input = document.getElementById(id);
+            if (input) {
+                input.value = "";
+                input.defaultValue = "";
+                input.removeAttribute("value");
+            }
+        });
+
+        if (typeof closeAcademySearchResultsPanel === "function") {
+            closeAcademySearchResultsPanel();
+        }
+
+        document.body?.classList.remove("academy-search-results-open");
+        return;
+    }
+
+    ["academy-global-search-input", "academy-member-browser-search-input"].forEach(function (id) {
         if (id === sourceInputId) return;
         const input = document.getElementById(id);
         if (input && input.value !== normalizedValue) {
@@ -17436,6 +17459,8 @@ function renderAcademySearchResultsLoadingPanel(query = '') {
     const safeQuery = academyFeedEscapeHtml(String(query || '').trim());
 
     panel.classList.remove('hidden-step');
+    panel.setAttribute('aria-hidden', 'false');
+    panel.style.removeProperty('pointer-events');
     document.body?.classList.add('academy-search-results-open');
 
     inner.innerHTML = `
@@ -17464,6 +17489,58 @@ function scheduleAcademySearch(query = '', options = {}) {
     const normalizedQuery = String(query || '').trim();
     const sourceInputId = String(options.sourceInputId || '').trim();
     const immediate = options.immediate === true;
+    const isEmailSearchQuery = /^[^\s@]+@[^\s@]+\.[^\s@]+$/.test(normalizedQuery);
+
+    window.clearTimeout(academySearchDebounceTimer);
+
+    if (!normalizedQuery || isEmailSearchQuery) {
+        ['academy-global-search-input', 'academy-member-browser-search-input'].forEach((id) => {
+            const input = document.getElementById(id);
+            if (input) {
+                input.value = '';
+                input.defaultValue = '';
+                input.removeAttribute('value');
+                input.dataset.academySearchUserTyped = '';
+            }
+        });
+
+        if (typeof closeAcademySearchResultsPanel === 'function') {
+            closeAcademySearchResultsPanel();
+        }
+
+        document.body?.classList.remove('academy-search-results-open');
+
+        try {
+            academySearchRequestToken += 1;
+        } catch (_) {}
+
+        return;
+    }
+
+    academySyncSearchInputs(normalizedQuery, sourceInputId);
+
+    if (normalizedQuery.length < 2) {
+        applyAcademySearch('', {
+            sourceInputId,
+            skipDebounceReset: true
+        });
+        return;
+    }
+
+    renderAcademySearchResultsLoadingPanel(normalizedQuery);
+
+    const requestToken = ++academySearchRequestToken;
+    academySearchDebounceTimer = window.setTimeout(() => {
+        applyAcademySearch(normalizedQuery, {
+            requestToken,
+            sourceInputId,
+            skipDebounceReset: true
+        });
+    }, immediate ? 0 : 240);
+}) {
+    const normalizedQuery = String(query || '').trim();
+    const sourceInputId = String(options.sourceInputId || '').trim();
+    const immediate = options.immediate === true;
 
     academySyncSearchInputs(normalizedQuery, sourceInputId);
     window.clearTimeout(academySearchDebounceTimer);
@@ -17489,11 +17566,15 @@ function scheduleAcademySearch(query = '', options = {}) {
 }
 
 function closeAcademySearchResultsPanel() {
-    const panel = document.getElementById('academy-search-results-panel');
-    const inner = document.getElementById('academy-search-results-inner');
-    if (inner) inner.innerHTML = '';
-    panel?.classList.add('hidden-step');
-    document.body?.classList.remove('academy-search-results-open');
+    const panel = document.getElementById("academy-search-results-panel");
+    const inner = document.getElementById("academy-search-results-inner");
+    if (inner) inner.innerHTML = "";
+    if (panel) {
+        panel.classList.add("hidden-step");
+        panel.setAttribute("aria-hidden", "true");
+        panel.style.pointerEvents = "none";
+    }
+    document.body?.classList.remove("academy-search-results-open");
 }
