stdout is not a tty
[RESULT] Patch script code: 1
[CHECK] node --check public/js/academy.js
stdout is not a tty
[RESULT] academy.js syntax code: 1
[CHECK] node --check public/js/dashboard.js
stdout is not a tty
[RESULT] dashboard.js syntax code: 1
public/js/academy.js:17384:async async function requestAcademyMemberSearch(query = '') {
public/js/dashboard.js:15115:async async function requestAcademyMemberSearch(query = '') {
[WARN] Duplicate async still found above.
 M public/academy.html
 M public/css/style.css
 M public/js/academy.js
 M public/js/dashboard.js
?? __yh_academy_search_freeze_fix_v4.js
?? __yh_academy_search_freeze_fix_v5.js
?? __yh_academy_search_freeze_fix_v5.log
?? __yh_fix_academy_freeze_echo.js
?? __yh_fix_duplicate_async_v51.js
?? __yh_fix_duplicate_async_v51.log
?? public/academy.html.bak-20260514-freeze-echo-fix
?? public/academy.html.bak-20260514-search-freeze-v4
?? public/academy.html.bak-20260514-search-freeze-v5
?? public/css/style.css.bak-20260514-search-freeze-v4
?? public/css/style.css.bak-20260514-search-freeze-v5
?? public/js/academy.js.bak-20260514-freeze-echo-fix
?? public/js/academy.js.bak-20260514-search-freeze-v4
?? public/js/academy.js.bak-20260514-search-freeze-v5
?? public/js/dashboard.js.bak-20260514-freeze-echo-fix
?? public/js/dashboard.js.bak-20260514-search-freeze-v4
?? public/js/dashboard.js.bak-20260514-search-freeze-v5
