==================================================
 Academy Loading + Lag Fix 01
 Using node.exe to avoid Git Bash TTY wrapper issue
 No build. No auto-close.
 Log file: academy-patch-output.log
==================================================

Checking node.exe...
v22.19.0


Running patch file with node.exe...
--- Patching interval budget guard ---
APPLY: academy interval guard
APPLY: academy interval delay block
APPLY: dashboard interval guard
APPLY: dashboard interval delay block

--- Patching messages hydrate cache/timeout state ---
APPLY: academy messages inbox state + timeout helper

--- Patching academyHydrateMessageRooms ---
APPLY: academyHydrateMessageRooms

--- Patching Lead Missions stuck-loader protection ---
APPLY: lead missions recruitment gate timeout

--- Patching Lead Missions workspace timeout protection ---
APPLY: lead missions workspace request timeout
PATCHED: public/js/academy.js
PATCHED: public/js/dashboard.js

Patch write completed.

Patch exit code: 0

==================================================
 Syntax checks only. No build.
==================================================
academy.js syntax exit code: 0
dashboard.js syntax exit code: 0
server.js syntax exit code: 0
academyControllers.js syntax exit code: 0

==================================================
 Git status
==================================================
 M public/academy.html
 M public/css/style.css
 M public/js/academy.js
 M public/js/dashboard.js
 M public/js/yh-shared-runtime.js
?? .academy-lag-fix-patch.js
?? __academy_v61_stability_patch.js
?? __academy_v6_stability_patch.js
?? __academy_v7_tab_interaction_fix.js
?? __fix_async_async_v52.js
?? __repair_schedule_search_v54.js
?? __repair_search_block_v53.js
?? __yh_academy_search_freeze_fix_v4.js
?? __yh_academy_search_freeze_fix_v5.js
?? __yh_academy_search_freeze_fix_v5.log
?? __yh_fix_academy_freeze_echo.js
?? __yh_fix_duplicate_async_v51.js
?? __yh_fix_duplicate_async_v51.log
?? academy-patch-output.log
?? public/academy.html.bak-20260514-freeze-echo-fix
?? public/academy.html.bak-20260514-search-freeze-v4
?? public/academy.html.bak-20260514-search-freeze-v5
?? public/academy.html.bak-20260515-academy-v61-stability
?? public/academy.html.bak-20260515-academy-v7-tab-interaction
?? public/css/style.css.bak-20260514-search-freeze-v4
?? public/css/style.css.bak-20260514-search-freeze-v5
?? public/css/style.css.bak-20260515-academy-v61-stability
?? public/js/academy.js.bak-20260514-async-async-v52
?? public/js/academy.js.bak-20260514-freeze-echo-fix
?? public/js/academy.js.bak-20260514-schedule-search-v54
?? public/js/academy.js.bak-20260514-search-block-v53
?? public/js/academy.js.bak-20260514-search-freeze-v4
?? public/js/academy.js.bak-20260514-search-freeze-v5
?? public/js/academy.js.bak-20260515-academy-v61-stability
?? public/js/academy.js.bak-20260515-academy-v7-tab-interaction
?? public/js/dashboard.js.bak-20260514-async-async-v52
?? public/js/dashboard.js.bak-20260514-freeze-echo-fix
?? public/js/dashboard.js.bak-20260514-schedule-search-v54
?? public/js/dashboard.js.bak-20260514-search-block-v53
?? public/js/dashboard.js.bak-20260514-search-freeze-v4
?? public/js/dashboard.js.bak-20260514-search-freeze-v5
?? public/js/dashboard.js.bak-20260515-academy-v61-stability
?? public/js/dashboard.js.bak-20260515-academy-v7-tab-interaction
?? public/js/yh-shared-runtime.js.bak-20260515-academy-v61-stability

==================================================
 Done. Full output saved to: academy-patch-output.log
 To open log, run: notepad academy-patch-output.log
==================================================
