==================================================
 Academy Stability Live Push
 No build. No auto-close command.
 Log file: academy-live-push-output.log
==================================================

Current branch:
main

Checking files to push...
 M public/academy.html
 M public/css/style.css
 M public/js/academy.js
 M public/js/dashboard.js
 M public/js/yh-shared-runtime.js
?? .academy-lag-fix-patch.js
?? __academy_v61_stability_patch.js
?? __academy_v6_stability_patch.js
?? __academy_v7_tab_interaction_fix.js
?? __fix_async_async_v52.js
?? __repair_schedule_search_v54.js
?? __repair_search_block_v53.js
?? __yh_academy_search_freeze_fix_v4.js
?? __yh_academy_search_freeze_fix_v5.js
?? __yh_academy_search_freeze_fix_v5.log
?? __yh_fix_academy_freeze_echo.js
?? __yh_fix_duplicate_async_v51.js
?? __yh_fix_duplicate_async_v51.log
?? academy-live-push-output.log
?? academy-patch-output.log
?? academy-stability-v8-output.log
?? public/academy.html.bak-20260514-freeze-echo-fix
?? public/academy.html.bak-20260514-search-freeze-v4
?? public/academy.html.bak-20260514-search-freeze-v5
?? public/academy.html.bak-20260515-academy-v61-stability
?? public/academy.html.bak-20260515-academy-v7-tab-interaction
?? public/css/style.css.bak-20260514-search-freeze-v4
?? public/css/style.css.bak-20260514-search-freeze-v5
?? public/css/style.css.bak-20260515-academy-v61-stability
?? public/js/academy.js.bak-20260514-async-async-v52
?? public/js/academy.js.bak-20260514-freeze-echo-fix
?? public/js/academy.js.bak-20260514-schedule-search-v54
?? public/js/academy.js.bak-20260514-search-block-v53
?? public/js/academy.js.bak-20260514-search-freeze-v4
?? public/js/academy.js.bak-20260514-search-freeze-v5
?? public/js/academy.js.bak-20260515-academy-v61-stability
?? public/js/academy.js.bak-20260515-academy-v7-tab-interaction
?? public/js/dashboard.js.bak-20260514-async-async-v52
?? public/js/dashboard.js.bak-20260514-freeze-echo-fix
?? public/js/dashboard.js.bak-20260514-schedule-search-v54
?? public/js/dashboard.js.bak-20260514-search-block-v53
?? public/js/dashboard.js.bak-20260514-search-freeze-v4
?? public/js/dashboard.js.bak-20260514-search-freeze-v5
?? public/js/dashboard.js.bak-20260515-academy-v61-stability
?? public/js/dashboard.js.bak-20260515-academy-v7-tab-interaction
?? public/js/yh-shared-runtime.js.bak-20260515-academy-v61-stability

==================================================
 Syntax checks only. No build will run.
==================================================
academy.js syntax exit code: 0
dashboard.js syntax exit code: 0
yh-shared-runtime.js syntax exit code: 0

==================================================
 Adding only intended modified files
==================================================
warning: in the working copy of 'public/academy.html', LF will be replaced by CRLF the next time Git touches it
warning: in the working copy of 'public/css/style.css', LF will be replaced by CRLF the next time Git touches it
warning: in the working copy of 'public/js/academy.js', LF will be replaced by CRLF the next time Git touches it
warning: in the working copy of 'public/js/dashboard.js', LF will be replaced by CRLF the next time Git touches it
warning: in the working copy of 'public/js/yh-shared-runtime.js', LF will be replaced by CRLF the next time Git touches it

Staged files:
 public/academy.html            |  27 ++-
 public/css/style.css           |  27 +++
 public/js/academy.js           | 493 ++++++++++++++++++++++++++++++++---------
 public/js/dashboard.js         | 147 ++++++++++++
 public/js/yh-shared-runtime.js |  53 ++++-
 5 files changed, 623 insertions(+), 124 deletions(-)

Creating commit...
[main b696877] Fix Academy loading stability and tab lag
 5 files changed, 623 insertions(+), 124 deletions(-)

Pushing to current branch...
To https://github.com/oscarschulz/YH-Academy.git
   d73fd05..b696877  main -> main

==================================================
 Final git status
==================================================
?? .academy-lag-fix-patch.js
?? __academy_v61_stability_patch.js
?? __academy_v6_stability_patch.js
?? __academy_v7_tab_interaction_fix.js
?? __fix_async_async_v52.js
?? __repair_schedule_search_v54.js
?? __repair_search_block_v53.js
?? __yh_academy_search_freeze_fix_v4.js
?? __yh_academy_search_freeze_fix_v5.js
?? __yh_academy_search_freeze_fix_v5.log
?? __yh_fix_academy_freeze_echo.js
?? __yh_fix_duplicate_async_v51.js
?? __yh_fix_duplicate_async_v51.log
?? academy-live-push-output.log
?? academy-patch-output.log
?? academy-stability-v8-output.log
?? public/academy.html.bak-20260514-freeze-echo-fix
?? public/academy.html.bak-20260514-search-freeze-v4
?? public/academy.html.bak-20260514-search-freeze-v5
?? public/academy.html.bak-20260515-academy-v61-stability
?? public/academy.html.bak-20260515-academy-v7-tab-interaction
?? public/css/style.css.bak-20260514-search-freeze-v4
?? public/css/style.css.bak-20260514-search-freeze-v5
?? public/css/style.css.bak-20260515-academy-v61-stability
?? public/js/academy.js.bak-20260514-async-async-v52
?? public/js/academy.js.bak-20260514-freeze-echo-fix
?? public/js/academy.js.bak-20260514-schedule-search-v54
?? public/js/academy.js.bak-20260514-search-block-v53
?? public/js/academy.js.bak-20260514-search-freeze-v4
?? public/js/academy.js.bak-20260514-search-freeze-v5
?? public/js/academy.js.bak-20260515-academy-v61-stability
?? public/js/academy.js.bak-20260515-academy-v7-tab-interaction
?? public/js/dashboard.js.bak-20260514-async-async-v52
?? public/js/dashboard.js.bak-20260514-freeze-echo-fix
?? public/js/dashboard.js.bak-20260514-schedule-search-v54
?? public/js/dashboard.js.bak-20260514-search-block-v53
?? public/js/dashboard.js.bak-20260514-search-freeze-v4
?? public/js/dashboard.js.bak-20260514-search-freeze-v5
?? public/js/dashboard.js.bak-20260515-academy-v61-stability
?? public/js/dashboard.js.bak-20260515-academy-v7-tab-interaction
?? public/js/yh-shared-runtime.js.bak-20260515-academy-v61-stability

==================================================
 Done.
 Full output saved to: academy-live-push-output.log
 To open log, run: notepad academy-live-push-output.log
==================================================
